Построение начато 14.01.2013 1:11:11.
     1>Проект "C:\1C\MessageGetter\AddInNative.vcxproj" в узле 2 (целевые объекты build).
     1>InitializeBuildStatus:
         Обращение к "x64\Release\MessageGetter.unsuccessfulbuild".
       ClCompile:
         Для всех выходных данных обновления не требуется.
         Для всех выходных данных обновления не требуется.
         Для всех выходных данных обновления не требуется.
       Link:
         C:\Program Files (x86)\Microsoft Visual Studio 10.0\VC\bin\x86_amd64\link.exe /ERRORREPORT:PROMPT /OUT:"C:\1C\MessageGetter\x64\Release\MessageGetter.dll" /INCREMENTAL:NO /NOLOGO PocoFoundationmt.lib PocoNetmt.lib kernel32.lib user32.lib gdi32.lib winspool.lib comdlg32.lib advapi32.lib shell32.lib ole32.lib oleaut32.lib uuid.lib odbc32.lib odbccp32.lib /DEF:"MessageGetter.def" /MANIFEST /ManifestFile:"x64\Release\MessageGetter.dll.intermediate.manifest" /MANIFESTUAC:"level='asInvoker' uiAccess='false'" /DEBUG /PDB:"C:\1C\MessageGetter\x64\Release\MessageGetter.pdb" /SUBSYSTEM:WINDOWS /OPT:REF /OPT:ICF /LTCG /TLBID:1 /DYNAMICBASE /NXCOMPAT /IMPLIB:"C:\1C\MessageGetter\x64\Release\MessageGetter.lib" /MACHINE:X64 /DLL x64\Release\MessageGetter.obj
         x64\Release\dllmain.obj
         x64\Release\Export.obj
         x64\Release\SmartComponentBase.obj
         x64\Release\stdafx.obj
            Создается библиотека C:\1C\MessageGetter\x64\Release\MessageGetter.lib и объект C:\1C\MessageGetter\x64\Release\MessageGetter.exp
         Создание кода
         Создание кода завершено
         AddInNative.vcxproj -> C:\1C\MessageGetter\x64\Release\MessageGetter.dll
       Manifest:
         C:\Program Files (x86)\Microsoft SDKs\Windows\v7.0A\bin\mt.exe /nologo /verbose /outputresource:"C:\1C\MessageGetter\x64\Release\MessageGetter.dll;#2" /manifest x64\Release\MessageGetter.dll.intermediate.manifest
       FinalizeBuildStatus:
         Файл "x64\Release\MessageGetter.unsuccessfulbuild" удаляется.
         Обращение к "x64\Release\MessageGetter.lastbuildstate".
     1>Построение проекта "C:\1C\MessageGetter\AddInNative.vcxproj" завершено (целевые объекты build).

Построение успешно завершено.

Затраченное время: 00:00:01.18
