Построение начато 30.12.2012 22:45:15.
     1>Проект "C:\1C\MessageGetter\AddInNative.vcxproj" в узле 2 (целевые объекты build).
     1>InitializeBuildStatus:
         Создание "C:\1C\MessageGetter\\build\Debug\MessageGetter\MessageGetter.unsuccessfulbuild", так как было задано "AlwaysCreate".
       ClCompile:
         Для всех выходных данных обновления не требуется.
         C:\Program Files (x86)\Microsoft Visual Studio 10.0\VC\bin\CL.exe /c /Iinclude /ZI /nologo /W3 /WX- /Od /Oy- /D WIN32 /D _DEBUG /D _WINDOWS /D _USRDLL /D ADDINCPP_EXPORTS /D _CRT_SECURE_NO_DEPRECATE /D _CRT_NONSTDC_NO_WARNINGS /D _WINDLL /D _UNICODE /D UNICODE /Gm /EHsc /RTC1 /MTd /GS /fp:precise /Zc:wchar_t /Zc:forScope /Fo"C:\1C\MessageGetter\\build\Debug\MessageGetter\\" /Fd"C:\1C\MessageGetter\\build\Debug\MessageGetter\vc100.pdb" /Gd /TP /analyze- /errorReport:prompt MessageGetter.cpp
         MessageGetter.cpp
         Для всех выходных данных обновления не требуется.
       ManifestResourceCompile:
         Для всех выходных данных обновления не требуется.
       Link:
         C:\Program Files (x86)\Microsoft Visual Studio 10.0\VC\bin\link.exe /ERRORREPORT:PROMPT /OUT:"C:\1C\MessageGetter\\bind\MessageGetter.dll" /INCREMENTAL /NOLOGO kernel32.lib user32.lib gdi32.lib winspool.lib comdlg32.lib advapi32.lib shell32.lib ole32.lib oleaut32.lib uuid.lib odbc32.lib odbccp32.lib /DEF:"MessageGetter.def" /MANIFEST /ManifestFile:"C:\1C\MessageGetter\\build\Debug\MessageGetter\MessageGetter.dll.intermediate.manifest" /MANIFESTUAC:"level='asInvoker' uiAccess='false'" /DEBUG /PDB:"C:\1C\MessageGetter\bind\MessageGetter.pdb" /SUBSYSTEM:WINDOWS /TLBID:1 /DYNAMICBASE /NXCOMPAT /IMPLIB:"C:\1C\MessageGetter\\bind\MessageGetter.lib" /MACHINE:X86 /DLL C:\1C\MessageGetter\\build\Debug\MessageGetter\MessageGetter.dll.embed.manifest.res
         C:\1C\MessageGetter\\build\Debug\MessageGetter\MessageGetter.obj
         C:\1C\MessageGetter\\build\Debug\MessageGetter\dllmain.obj
         C:\1C\MessageGetter\\build\Debug\MessageGetter\Export.obj
         C:\1C\MessageGetter\\build\Debug\MessageGetter\SmartComponentBase.obj
         C:\1C\MessageGetter\\build\Debug\MessageGetter\stdafx.obj
            Создается библиотека C:\1C\MessageGetter\\bind\MessageGetter.lib и объект C:\1C\MessageGetter\\bind\MessageGetter.exp
       Manifest:
         C:\Program Files (x86)\Microsoft SDKs\Windows\v7.0A\bin\mt.exe /nologo /verbose /out:"C:\1C\MessageGetter\\build\Debug\MessageGetter\MessageGetter.dll.embed.manifest" /manifest C:\1C\MessageGetter\\build\Debug\MessageGetter\MessageGetter.dll.intermediate.manifest
         Для всех выходных данных обновления не требуется.
       LinkEmbedManifest:
         Для всех выходных данных обновления не требуется.
         AddInNative.vcxproj -> C:\1C\MessageGetter\\bind\MessageGetter.dll
       FinalizeBuildStatus:
         Файл "C:\1C\MessageGetter\\build\Debug\MessageGetter\MessageGetter.unsuccessfulbuild" удаляется.
         Обращение к "C:\1C\MessageGetter\\build\Debug\MessageGetter\MessageGetter.lastbuildstate".
     1>Построение проекта "C:\1C\MessageGetter\AddInNative.vcxproj" завершено (целевые объекты build).

Построение успешно завершено.

Затраченное время: 00:00:01.13
